[2019-08-28 02:03:43,831] {/home/alta4/Documents/E-Com/APIEc/envEcom/Baru/blueprints/__init__.py}:82 WARNING - REQUEST_LOG	{"method": "GET", "code": "200 OK", "uri": "/item/2?", "request": {}, "response": {"item_id": 2, "nama": "Berbagi 50000", "detail": "Dengan donasi 50000 rupiah, sahabat sudah berbagi kebahagiaan kepada orang-orang sekitar kita yang membutuhkan.", "url": "https://image.flaticon.com/icons/svg/189/189093.svg", "harga": 50000, "total": 1}}
[2019-08-28 02:06:18,446] {/home/alta4/Documents/E-Com/APIEc/envEcom/Baru/blueprints/__init__.py}:82 WARNING - REQUEST_LOG	{"method": "GET", "code": "200 OK", "uri": "/item/2?", "request": {}, "response": {"item_id": 2, "nama": "Berbagi 50000", "detail": "Dengan donasi 50000 rupiah, sahabat sudah berbagi kebahagiaan kepada orang-orang sekitar kita yang membutuhkan.", "url": "https://image.flaticon.com/icons/svg/189/189093.svg", "harga": 50000, "total": 1}}
[2019-08-28 02:06:44,047] {/home/alta4/Documents/E-Com/APIEc/envEcom/Baru/blueprints/__init__.py}:82 WARNING - REQUEST_LOG	{"method": "GET", "code": "200 OK", "uri": "/item/2?", "request": {}, "response": {"item_id": 2, "nama": "Berbagi 50000", "detail": "Dengan donasi 50000 rupiah, sahabat sudah berbagi kebahagiaan kepada orang-orang sekitar kita yang membutuhkan.", "url": "https://image.flaticon.com/icons/svg/189/189093.svg", "harga": 50000, "total": 1}}
[2019-08-28 02:07:00,186] {/home/alta4/Documents/E-Com/APIEc/envEcom/Baru/blueprints/__init__.py}:90 WARNING - REQUEST_LOG	{"uri": "/auth?", "request": null, "response": {"Success": "Ok"}}
[2019-08-28 02:07:00,241] {/home/alta4/Documents/E-Com/APIEc/envEcom/Baru/blueprints/__init__.py}:90 WARNING - REQUEST_LOG	{"uri": "/auth?", "request": {"username": "admin", "password": "admin123"}, "response": {"token": "eyJ0eXAiOiJKV1QiLCJhbGciOiJIUzI1NiJ9.eyJpYXQiOjE1NjY5MzI4MjAsIm5iZiI6MTU2NjkzMjgyMCwianRpIjoiNmVkZTJmMGItM2Y2OS00YmZmLThlMDItNGMxM2Q3ZGU5MTQ0IiwiZXhwIjoxNTY3MDE5MjIwLCJpZGVudGl0eSI6eyJ1c2VybmFtZSI6IkFkbWluIiwiZW1haWwiOiJhZG1pbkBiZXJiYWdpLmNvbSIsInN0YXR1cyI6dHJ1ZX0sImZyZXNoIjpmYWxzZSwidHlwZSI6ImFjY2VzcyIsInVzZXJfY2xhaW1zIjp7ImlkIjoyfX0.Ct2XvD13o0NKdyezj8ibwOCwoon7dep0jjpqxZUgU2w", "data": {"username": "Admin", "email": "admin@berbagi.com", "status": true}}}
[2019-08-28 02:07:00,507] {/home/alta4/Documents/E-Com/APIEc/envEcom/Baru/blueprints/__init__.py}:90 WARNING - REQUEST_LOG	{"uri": "/user?", "request": null, "response": {"Success": "Ok"}}
[2019-08-28 02:07:00,657] {/home/alta4/Documents/E-Com/APIEc/envEcom/Baru/blueprints/__init__.py}:82 WARNING - REQUEST_LOG	{"method": "GET", "code": "200 OK", "uri": "/user?", "request": {}, "response": {"user_id": 2, "username": "Admin", "email": "admin@berbagi.com", "password": "admin123", "status": true}}
[2019-08-28 02:07:02,259] {/home/alta4/Documents/E-Com/APIEc/envEcom/Baru/blueprints/__init__.py}:82 WARNING - REQUEST_LOG	{"method": "GET", "code": "200 OK", "uri": "/item?", "request": {}, "response": [{"item_id": 1, "nama": "Berbagi 100000", "detail": "Dengan donasi 100000 rupiah, sahabat sudah berbagi kebahagiaan kepada orang-orang sekitar kita yang membutuhkan.", "url": "https://img.freepik.com/free-vector/money-bag-background-design_1270-41.jpg?size=338&ext=jpg", "harga": 100000, "total": 1}, {"item_id": 2, "nama": "Berbagi 50000", "detail": "Dengan donasi 50000 rupiah, sahabat sudah berbagi kebahagiaan kepada orang-orang sekitar kita yang membutuhkan.", "url": "https://image.flaticon.com/icons/svg/189/189093.svg", "harga": 50000, "total": 1}, {"item_id": 3, "nama": "Berbagi 20000", "detail": "Dengan donasi 20000 rupiah, sahabat sudah berbagi kebahagiaan kepada orang-orang sekitar kita yang membutuhkan.", "url": "https://image.flaticon.com/icons/svg/639/639365.svg", "harga": 20000, "total": 1}]}
[2019-08-28 02:07:03,592] {/home/alta4/Documents/E-Com/APIEc/envEcom/Baru/blueprints/__init__.py}:90 WARNING - REQUEST_LOG	{"uri": "/user?", "request": null, "response": {"Success": "Ok"}}
[2019-08-28 02:07:03,628] {/home/alta4/Documents/E-Com/APIEc/envEcom/Baru/blueprints/__init__.py}:82 WARNING - REQUEST_LOG	{"method": "GET", "code": "200 OK", "uri": "/item/1?", "request": {}, "response": {"item_id": 1, "nama": "Berbagi 100000", "detail": "Dengan donasi 100000 rupiah, sahabat sudah berbagi kebahagiaan kepada orang-orang sekitar kita yang membutuhkan.", "url": "https://img.freepik.com/free-vector/money-bag-background-design_1270-41.jpg?size=338&ext=jpg", "harga": 100000, "total": 1}}
[2019-08-28 02:07:03,642] {/home/alta4/Documents/E-Com/APIEc/envEcom/Baru/blueprints/__init__.py}:82 WARNING - REQUEST_LOG	{"method": "GET", "code": "200 OK", "uri": "/user?", "request": {}, "response": {"user_id": 2, "username": "Admin", "email": "admin@berbagi.com", "password": "admin123", "status": true}}
[2019-08-28 02:07:06,138] {/home/alta4/Documents/E-Com/APIEc/envEcom/Baru/blueprints/__init__.py}:82 WARNING - REQUEST_LOG	{"method": "GET", "code": "200 OK", "uri": "/item/1?", "request": {}, "response": {"item_id": 1, "nama": "Berbagi 100000", "detail": "Dengan donasi 100000 rupiah, sahabat sudah berbagi kebahagiaan kepada orang-orang sekitar kita yang membutuhkan.", "url": "https://img.freepik.com/free-vector/money-bag-background-design_1270-41.jpg?size=338&ext=jpg", "harga": 100000, "total": 1}}
[2019-08-28 02:07:07,961] {/home/alta4/Documents/E-Com/APIEc/envEcom/Baru/blueprints/__init__.py}:82 WARNING - REQUEST_LOG	{"method": "GET", "code": "200 OK", "uri": "/item/1?", "request": {}, "response": {"item_id": 1, "nama": "Berbagi 100000", "detail": "Dengan donasi 100000 rupiah, sahabat sudah berbagi kebahagiaan kepada orang-orang sekitar kita yang membutuhkan.", "url": "https://img.freepik.com/free-vector/money-bag-background-design_1270-41.jpg?size=338&ext=jpg", "harga": 100000, "total": 1}}
[2019-08-28 02:07:10,688] {/home/alta4/Documents/E-Com/APIEc/envEcom/Baru/blueprints/__init__.py}:90 WARNING - REQUEST_LOG	{"uri": "/transaksi?", "request": null, "response": {"Success": "Ok"}}
[2019-08-28 02:07:10,695] {/home/alta4/.local/lib/python3.6/site-packages/flask/app.py}:1891 ERROR - Exception on /transaksi [POST]
Traceback (most recent call last):
  File "/home/alta4/.local/lib/python3.6/site-packages/flask/app.py", line 1949, in full_dispatch_request
    rv = self.dispatch_request()
  File "/home/alta4/.local/lib/python3.6/site-packages/flask/app.py", line 1935, in dispatch_request
    return self.view_functions[rule.endpoint](**req.view_args)
  File "/home/alta4/.local/lib/python3.6/site-packages/flask_restful/__init__.py", line 458, in wrapper
    resp = resource(*args, **kwargs)
  File "/home/alta4/.local/lib/python3.6/site-packages/flask/views.py", line 89, in view
    return self.dispatch_request(*args, **kwargs)
  File "/home/alta4/.local/lib/python3.6/site-packages/flask_restful/__init__.py", line 573, in dispatch_request
    resp = meth(*args, **kwargs)
  File "/home/alta4/.local/lib/python3.6/site-packages/flask_jwt_extended/view_decorators.py", line 103, in wrapper
    return fn(*args, **kwargs)
  File "/home/alta4/Documents/E-Com/APIEc/envEcom/Baru/blueprints/transaksi/resources.py", line 49, in post
    user_id, int(args['item_id']), args['nama_item'], int(args['total_qty']), int(args['total_harga']), args["tanggal"])
TypeError: __init__() takes 6 positional arguments but 7 were given
[2019-08-28 02:07:10,736] {/home/alta4/Documents/E-Com/APIEc/envEcom/Baru/blueprints/__init__.py}:90 WARNING - REQUEST_LOG	{"uri": "/transaksi?", "request": {"item_id": 1, "nama_item": "Berbagi 100000", "total_qty": 3, "total_harga": 300000, "tanggal": "Aug 28 2019"}, "response": {"message": "Internal Server Error"}}
[2019-08-28 02:08:41,083] {/home/alta4/Documents/E-Com/APIEc/envEcom/Baru/blueprints/__init__.py}:90 WARNING - REQUEST_LOG	{"uri": "/transaksi?", "request": null, "response": {"Success": "Ok"}}
[2019-08-28 02:08:41,330] {/home/alta4/Documents/E-Com/APIEc/envEcom/Baru/blueprints/__init__.py}:90 WARNING - REQUEST_LOG	{"uri": "/transaksi?", "request": {"item_id": 1, "nama_item": "Berbagi 100000", "total_qty": 3, "total_harga": 300000, "tanggal": "Aug 28 2019"}, "response": {"transaksi_id": 1, "user_id": 2, "item_id": 1, "nama_item": "Berbagi 100000", "total_qty": 3, "total_harga": 300000, "tanggal": "Aug 28 2019"}}
[2019-08-28 02:09:26,270] {/home/alta4/Documents/E-Com/APIEc/envEcom/Baru/blueprints/__init__.py}:90 WARNING - REQUEST_LOG	{"uri": "/user?", "request": null, "response": {"Success": "Ok"}}
[2019-08-28 02:09:26,394] {/home/alta4/Documents/E-Com/APIEc/envEcom/Baru/blueprints/__init__.py}:82 WARNING - REQUEST_LOG	{"method": "GET", "code": "200 OK", "uri": "/user?", "request": {}, "response": {"user_id": 2, "username": "Admin", "email": "admin@berbagi.com", "password": "admin123", "status": true}}
[2019-08-28 02:09:26,759] {/home/alta4/Documents/E-Com/APIEc/envEcom/Baru/blueprints/__init__.py}:82 WARNING - REQUEST_LOG	{"method": "GET", "code": "200 OK", "uri": "/item?", "request": {}, "response": [{"item_id": 1, "nama": "Berbagi 100000", "detail": "Dengan donasi 100000 rupiah, sahabat sudah berbagi kebahagiaan kepada orang-orang sekitar kita yang membutuhkan.", "url": "https://img.freepik.com/free-vector/money-bag-background-design_1270-41.jpg?size=338&ext=jpg", "harga": 100000, "total": 1}, {"item_id": 2, "nama": "Berbagi 50000", "detail": "Dengan donasi 50000 rupiah, sahabat sudah berbagi kebahagiaan kepada orang-orang sekitar kita yang membutuhkan.", "url": "https://image.flaticon.com/icons/svg/189/189093.svg", "harga": 50000, "total": 1}, {"item_id": 3, "nama": "Berbagi 20000", "detail": "Dengan donasi 20000 rupiah, sahabat sudah berbagi kebahagiaan kepada orang-orang sekitar kita yang membutuhkan.", "url": "https://image.flaticon.com/icons/svg/639/639365.svg", "harga": 20000, "total": 1}]}
[2019-08-28 02:09:29,677] {/home/alta4/Documents/E-Com/APIEc/envEcom/Baru/blueprints/__init__.py}:90 WARNING - REQUEST_LOG	{"uri": "/user?", "request": null, "response": {"Success": "Ok"}}
[2019-08-28 02:09:29,762] {/home/alta4/Documents/E-Com/APIEc/envEcom/Baru/blueprints/__init__.py}:82 WARNING - REQUEST_LOG	{"method": "GET", "code": "200 OK", "uri": "/user?", "request": {}, "response": {"user_id": 2, "username": "Admin", "email": "admin@berbagi.com", "password": "admin123", "status": true}}
[2019-08-28 02:09:46,595] {/home/alta4/Documents/E-Com/APIEc/envEcom/Baru/blueprints/__init__.py}:90 WARNING - REQUEST_LOG	{"uri": "/auth?", "request": null, "response": {"Success": "Ok"}}
[2019-08-28 02:09:46,644] {/home/alta4/Documents/E-Com/APIEc/envEcom/Baru/blueprints/__init__.py}:90 WARNING - REQUEST_LOG	{"uri": "/auth?", "request": {"username": "ammar", "password": "ammar"}, "response": {"token": "eyJ0eXAiOiJKV1QiLCJhbGciOiJIUzI1NiJ9.eyJpYXQiOjE1NjY5MzI5ODYsIm5iZiI6MTU2NjkzMjk4NiwianRpIjoiZTM5YzAyMGQtM2Q4Ni00MTIzLTg3OGEtZDFlNDNmZmYyMWMxIiwiZXhwIjoxNTY3MDE5Mzg2LCJpZGVudGl0eSI6eyJ1c2VybmFtZSI6IkFtbWFyIiwiZW1haWwiOiJhbW1hckBjb20iLCJzdGF0dXMiOmZhbHNlfSwiZnJlc2giOmZhbHNlLCJ0eXBlIjoiYWNjZXNzIiwidXNlcl9jbGFpbXMiOnsiaWQiOjF9fQ.wHl_ZjR2vyCsHelV9q7rHRKVZejrqC0StB56nTDJinI", "data": {"username": "Ammar", "email": "ammar@com", "status": false}}}
[2019-08-28 02:09:46,995] {/home/alta4/Documents/E-Com/APIEc/envEcom/Baru/blueprints/__init__.py}:90 WARNING - REQUEST_LOG	{"uri": "/user?", "request": null, "response": {"Success": "Ok"}}
[2019-08-28 02:09:47,059] {/home/alta4/Documents/E-Com/APIEc/envEcom/Baru/blueprints/__init__.py}:82 WARNING - REQUEST_LOG	{"method": "GET", "code": "200 OK", "uri": "/user?", "request": {}, "response": {"user_id": 1, "username": "Ammar", "email": "ammar@com", "password": "ammar", "status": false}}
[2019-08-28 02:09:50,080] {/home/alta4/Documents/E-Com/APIEc/envEcom/Baru/blueprints/__init__.py}:90 WARNING - REQUEST_LOG	{"uri": "/transaksi?", "request": null, "response": {"Success": "Ok"}}
[2019-08-28 02:09:50,138] {/home/alta4/Documents/E-Com/APIEc/envEcom/Baru/blueprints/__init__.py}:82 WARNING - REQUEST_LOG	{"method": "GET", "code": "200 OK", "uri": "/transaksi?", "request": {}, "response": []}
[2019-08-28 02:12:19,464] {/home/alta4/Documents/E-Com/APIEc/envEcom/Baru/blueprints/__init__.py}:90 WARNING - REQUEST_LOG	{"uri": "/transaksi?", "request": null, "response": {"Success": "Ok"}}
[2019-08-28 02:12:19,545] {/home/alta4/.local/lib/python3.6/site-packages/flask/app.py}:1891 ERROR - Exception on /transaksi [GET]
Traceback (most recent call last):
  File "/home/alta4/.local/lib/python3.6/site-packages/flask/app.py", line 1949, in full_dispatch_request
    rv = self.dispatch_request()
  File "/home/alta4/.local/lib/python3.6/site-packages/flask/app.py", line 1935, in dispatch_request
    return self.view_functions[rule.endpoint](**req.view_args)
  File "/home/alta4/.local/lib/python3.6/site-packages/flask_restful/__init__.py", line 458, in wrapper
    resp = resource(*args, **kwargs)
  File "/home/alta4/.local/lib/python3.6/site-packages/flask/views.py", line 89, in view
    return self.dispatch_request(*args, **kwargs)
  File "/home/alta4/.local/lib/python3.6/site-packages/flask_restful/__init__.py", line 573, in dispatch_request
    resp = meth(*args, **kwargs)
  File "/home/alta4/.local/lib/python3.6/site-packages/flask_jwt_extended/view_decorators.py", line 102, in wrapper
    verify_jwt_in_request()
  File "/home/alta4/.local/lib/python3.6/site-packages/flask_jwt_extended/view_decorators.py", line 31, in verify_jwt_in_request
    jwt_data = _decode_jwt_from_request(request_type='access')
  File "/home/alta4/.local/lib/python3.6/site-packages/flask_jwt_extended/view_decorators.py", line 272, in _decode_jwt_from_request
    encoded_token, csrf_token = get_encoded_token_function()
  File "/home/alta4/.local/lib/python3.6/site-packages/flask_jwt_extended/view_decorators.py", line 191, in _decode_jwt_from_headers
    raise InvalidHeaderError(msg)
flask_jwt_extended.exceptions.InvalidHeaderError: Bad Authorization header. Expected value 'Bearer <JWT>'
[2019-08-28 02:12:19,548] {/home/alta4/Documents/E-Com/APIEc/envEcom/Baru/blueprints/__init__.py}:82 WARNING - REQUEST_LOG	{"method": "GET", "code": "500 INTERNAL SERVER ERROR", "uri": "/transaksi?", "request": {}, "response": {"message": "Internal Server Error"}}
[2019-08-28 02:12:54,971] {/home/alta4/Documents/E-Com/APIEc/envEcom/Baru/blueprints/__init__.py}:90 WARNING - REQUEST_LOG	{"uri": "/transaksi?", "request": null, "response": {"Success": "Ok"}}
[2019-08-28 02:12:55,022] {/home/alta4/.local/lib/python3.6/site-packages/flask/app.py}:1891 ERROR - Exception on /transaksi [GET]
Traceback (most recent call last):
  File "/home/alta4/.local/lib/python3.6/site-packages/flask/app.py", line 1949, in full_dispatch_request
    rv = self.dispatch_request()
  File "/home/alta4/.local/lib/python3.6/site-packages/flask/app.py", line 1935, in dispatch_request
    return self.view_functions[rule.endpoint](**req.view_args)
  File "/home/alta4/.local/lib/python3.6/site-packages/flask_restful/__init__.py", line 458, in wrapper
    resp = resource(*args, **kwargs)
  File "/home/alta4/.local/lib/python3.6/site-packages/flask/views.py", line 89, in view
    return self.dispatch_request(*args, **kwargs)
  File "/home/alta4/.local/lib/python3.6/site-packages/flask_restful/__init__.py", line 573, in dispatch_request
    resp = meth(*args, **kwargs)
  File "/home/alta4/.local/lib/python3.6/site-packages/flask_jwt_extended/view_decorators.py", line 102, in wrapper
    verify_jwt_in_request()
  File "/home/alta4/.local/lib/python3.6/site-packages/flask_jwt_extended/view_decorators.py", line 31, in verify_jwt_in_request
    jwt_data = _decode_jwt_from_request(request_type='access')
  File "/home/alta4/.local/lib/python3.6/site-packages/flask_jwt_extended/view_decorators.py", line 272, in _decode_jwt_from_request
    encoded_token, csrf_token = get_encoded_token_function()
  File "/home/alta4/.local/lib/python3.6/site-packages/flask_jwt_extended/view_decorators.py", line 191, in _decode_jwt_from_headers
    raise InvalidHeaderError(msg)
flask_jwt_extended.exceptions.InvalidHeaderError: Bad Authorization header. Expected value 'Bearer <JWT>'
[2019-08-28 02:12:55,024] {/home/alta4/Documents/E-Com/APIEc/envEcom/Baru/blueprints/__init__.py}:82 WARNING - REQUEST_LOG	{"method": "GET", "code": "500 INTERNAL SERVER ERROR", "uri": "/transaksi?", "request": {}, "response": {"message": "Internal Server Error"}}
[2019-08-28 02:13:23,037] {/home/alta4/Documents/E-Com/APIEc/envEcom/Baru/blueprints/__init__.py}:90 WARNING - REQUEST_LOG	{"uri": "/transaksi?", "request": null, "response": {"Success": "Ok"}}
[2019-08-28 02:13:23,214] {/home/alta4/.local/lib/python3.6/site-packages/flask/app.py}:1891 ERROR - Exception on /transaksi [GET]
Traceback (most recent call last):
  File "/home/alta4/.local/lib/python3.6/site-packages/flask/app.py", line 1949, in full_dispatch_request
    rv = self.dispatch_request()
  File "/home/alta4/.local/lib/python3.6/site-packages/flask/app.py", line 1935, in dispatch_request
    return self.view_functions[rule.endpoint](**req.view_args)
  File "/home/alta4/.local/lib/python3.6/site-packages/flask_restful/__init__.py", line 458, in wrapper
    resp = resource(*args, **kwargs)
  File "/home/alta4/.local/lib/python3.6/site-packages/flask/views.py", line 89, in view
    return self.dispatch_request(*args, **kwargs)
  File "/home/alta4/.local/lib/python3.6/site-packages/flask_restful/__init__.py", line 573, in dispatch_request
    resp = meth(*args, **kwargs)
  File "/home/alta4/.local/lib/python3.6/site-packages/flask_jwt_extended/view_decorators.py", line 102, in wrapper
    verify_jwt_in_request()
  File "/home/alta4/.local/lib/python3.6/site-packages/flask_jwt_extended/view_decorators.py", line 31, in verify_jwt_in_request
    jwt_data = _decode_jwt_from_request(request_type='access')
  File "/home/alta4/.local/lib/python3.6/site-packages/flask_jwt_extended/view_decorators.py", line 272, in _decode_jwt_from_request
    encoded_token, csrf_token = get_encoded_token_function()
  File "/home/alta4/.local/lib/python3.6/site-packages/flask_jwt_extended/view_decorators.py", line 191, in _decode_jwt_from_headers
    raise InvalidHeaderError(msg)
flask_jwt_extended.exceptions.InvalidHeaderError: Bad Authorization header. Expected value 'Bearer <JWT>'
[2019-08-28 02:13:23,243] {/home/alta4/Documents/E-Com/APIEc/envEcom/Baru/blueprints/__init__.py}:82 WARNING - REQUEST_LOG	{"method": "GET", "code": "500 INTERNAL SERVER ERROR", "uri": "/transaksi?", "request": {}, "response": {"message": "Internal Server Error"}}
[2019-08-28 02:13:45,135] {/home/alta4/Documents/E-Com/APIEc/envEcom/Baru/blueprints/__init__.py}:90 WARNING - REQUEST_LOG	{"uri": "/auth?", "request": null, "response": {"Success": "Ok"}}
[2019-08-28 02:13:45,353] {/home/alta4/Documents/E-Com/APIEc/envEcom/Baru/blueprints/__init__.py}:90 WARNING - REQUEST_LOG	{"uri": "/auth?", "request": {"username": "ammar", "password": "ammar"}, "response": {"token": "eyJ0eXAiOiJKV1QiLCJhbGciOiJIUzI1NiJ9.eyJpYXQiOjE1NjY5MzMyMjUsIm5iZiI6MTU2NjkzMzIyNSwianRpIjoiMWQ4Mzc4ZDUtNTMwOS00OTAxLWI2YTQtYjY1M2I5MzQ4NjIyIiwiZXhwIjoxNTY3MDE5NjI1LCJpZGVudGl0eSI6eyJ1c2VybmFtZSI6IkFtbWFyIiwiZW1haWwiOiJhbW1hckBjb20iLCJzdGF0dXMiOmZhbHNlfSwiZnJlc2giOmZhbHNlLCJ0eXBlIjoiYWNjZXNzIiwidXNlcl9jbGFpbXMiOnsiaWQiOjF9fQ.QxP8wc6CZaZMQ_GwtTypirdlc0bI9IdjVJgG9jhWPCU", "data": {"username": "Ammar", "email": "ammar@com", "status": false}}}
[2019-08-28 02:13:45,729] {/home/alta4/Documents/E-Com/APIEc/envEcom/Baru/blueprints/__init__.py}:90 WARNING - REQUEST_LOG	{"uri": "/user?", "request": null, "response": {"Success": "Ok"}}
[2019-08-28 02:13:45,789] {/home/alta4/Documents/E-Com/APIEc/envEcom/Baru/blueprints/__init__.py}:82 WARNING - REQUEST_LOG	{"method": "GET", "code": "200 OK", "uri": "/user?", "request": {}, "response": {"user_id": 1, "username": "Ammar", "email": "ammar@com", "password": "ammar", "status": false}}
[2019-08-28 02:13:49,985] {/home/alta4/Documents/E-Com/APIEc/envEcom/Baru/blueprints/__init__.py}:90 WARNING - REQUEST_LOG	{"uri": "/transaksi?", "request": null, "response": {"Success": "Ok"}}
[2019-08-28 02:13:50,033] {/home/alta4/Documents/E-Com/APIEc/envEcom/Baru/blueprints/__init__.py}:82 WARNING - REQUEST_LOG	{"method": "GET", "code": "200 OK", "uri": "/transaksi?", "request": {}, "response": []}
[2019-08-28 02:13:51,275] {/home/alta4/Documents/E-Com/APIEc/envEcom/Baru/blueprints/__init__.py}:82 WARNING - REQUEST_LOG	{"method": "GET", "code": "200 OK", "uri": "/item?", "request": {}, "response": [{"item_id": 1, "nama": "Berbagi 100000", "detail": "Dengan donasi 100000 rupiah, sahabat sudah berbagi kebahagiaan kepada orang-orang sekitar kita yang membutuhkan.", "url": "https://img.freepik.com/free-vector/money-bag-background-design_1270-41.jpg?size=338&ext=jpg", "harga": 100000, "total": 1}, {"item_id": 2, "nama": "Berbagi 50000", "detail": "Dengan donasi 50000 rupiah, sahabat sudah berbagi kebahagiaan kepada orang-orang sekitar kita yang membutuhkan.", "url": "https://image.flaticon.com/icons/svg/189/189093.svg", "harga": 50000, "total": 1}, {"item_id": 3, "nama": "Berbagi 20000", "detail": "Dengan donasi 20000 rupiah, sahabat sudah berbagi kebahagiaan kepada orang-orang sekitar kita yang membutuhkan.", "url": "https://image.flaticon.com/icons/svg/639/639365.svg", "harga": 20000, "total": 1}]}
[2019-08-28 02:13:53,071] {/home/alta4/Documents/E-Com/APIEc/envEcom/Baru/blueprints/__init__.py}:90 WARNING - REQUEST_LOG	{"uri": "/user?", "request": null, "response": {"Success": "Ok"}}
[2019-08-28 02:13:53,096] {/home/alta4/Documents/E-Com/APIEc/envEcom/Baru/blueprints/__init__.py}:82 WARNING - REQUEST_LOG	{"method": "GET", "code": "200 OK", "uri": "/item/2?", "request": {}, "response": {"item_id": 2, "nama": "Berbagi 50000", "detail": "Dengan donasi 50000 rupiah, sahabat sudah berbagi kebahagiaan kepada orang-orang sekitar kita yang membutuhkan.", "url": "https://image.flaticon.com/icons/svg/189/189093.svg", "harga": 50000, "total": 1}}
[2019-08-28 02:13:53,530] {/home/alta4/Documents/E-Com/APIEc/envEcom/Baru/blueprints/__init__.py}:82 WARNING - REQUEST_LOG	{"method": "GET", "code": "200 OK", "uri": "/user?", "request": {}, "response": {"user_id": 1, "username": "Ammar", "email": "ammar@com", "password": "ammar", "status": false}}
[2019-08-28 02:13:56,533] {/home/alta4/Documents/E-Com/APIEc/envEcom/Baru/blueprints/__init__.py}:82 WARNING - REQUEST_LOG	{"method": "GET", "code": "200 OK", "uri": "/item/2?", "request": {}, "response": {"item_id": 2, "nama": "Berbagi 50000", "detail": "Dengan donasi 50000 rupiah, sahabat sudah berbagi kebahagiaan kepada orang-orang sekitar kita yang membutuhkan.", "url": "https://image.flaticon.com/icons/svg/189/189093.svg", "harga": 50000, "total": 1}}
[2019-08-28 02:13:57,362] {/home/alta4/Documents/E-Com/APIEc/envEcom/Baru/blueprints/__init__.py}:82 WARNING - REQUEST_LOG	{"method": "GET", "code": "200 OK", "uri": "/item/2?", "request": {}, "response": {"item_id": 2, "nama": "Berbagi 50000", "detail": "Dengan donasi 50000 rupiah, sahabat sudah berbagi kebahagiaan kepada orang-orang sekitar kita yang membutuhkan.", "url": "https://image.flaticon.com/icons/svg/189/189093.svg", "harga": 50000, "total": 1}}
[2019-08-28 02:13:59,167] {/home/alta4/Documents/E-Com/APIEc/envEcom/Baru/blueprints/__init__.py}:90 WARNING - REQUEST_LOG	{"uri": "/transaksi?", "request": null, "response": {"Success": "Ok"}}
[2019-08-28 02:13:59,352] {/home/alta4/Documents/E-Com/APIEc/envEcom/Baru/blueprints/__init__.py}:90 WARNING - REQUEST_LOG	{"uri": "/transaksi?", "request": {"item_id": 2, "nama_item": "Berbagi 50000", "total_qty": 5, "total_harga": 250000, "tanggal": "Aug 28 2019"}, "response": {"transaksi_id": 2, "user_id": 1, "item_id": 2, "nama_item": "Berbagi 50000", "total_qty": 5, "total_harga": 250000, "tanggal": "Aug 28 2019"}}
[2019-08-28 02:14:01,636] {/home/alta4/Documents/E-Com/APIEc/envEcom/Baru/blueprints/__init__.py}:90 WARNING - REQUEST_LOG	{"uri": "/user?", "request": null, "response": {"Success": "Ok"}}
[2019-08-28 02:14:01,785] {/home/alta4/Documents/E-Com/APIEc/envEcom/Baru/blueprints/__init__.py}:82 WARNING - REQUEST_LOG	{"method": "GET", "code": "200 OK", "uri": "/user?", "request": {}, "response": {"user_id": 1, "username": "Ammar", "email": "ammar@com", "password": "ammar", "status": false}}
[2019-08-28 02:14:02,766] {/home/alta4/Documents/E-Com/APIEc/envEcom/Baru/blueprints/__init__.py}:90 WARNING - REQUEST_LOG	{"uri": "/transaksi?", "request": null, "response": {"Success": "Ok"}}
[2019-08-28 02:14:02,879] {/home/alta4/Documents/E-Com/APIEc/envEcom/Baru/blueprints/__init__.py}:82 WARNING - REQUEST_LOG	{"method": "GET", "code": "200 OK", "uri": "/transaksi?", "request": {}, "response": [{"transaksi_id": 2, "user_id": 1, "item_id": 2, "nama_item": "Berbagi 50000", "total_qty": 5, "total_harga": 250000, "tanggal": "Aug 28 2019"}]}
[2019-08-28 02:14:14,465] {/home/alta4/Documents/E-Com/APIEc/envEcom/Baru/blueprints/__init__.py}:82 WARNING - REQUEST_LOG	{"method": "GET", "code": "200 OK", "uri": "/item?", "request": {}, "response": [{"item_id": 1, "nama": "Berbagi 100000", "detail": "Dengan donasi 100000 rupiah, sahabat sudah berbagi kebahagiaan kepada orang-orang sekitar kita yang membutuhkan.", "url": "https://img.freepik.com/free-vector/money-bag-background-design_1270-41.jpg?size=338&ext=jpg", "harga": 100000, "total": 1}, {"item_id": 2, "nama": "Berbagi 50000", "detail": "Dengan donasi 50000 rupiah, sahabat sudah berbagi kebahagiaan kepada orang-orang sekitar kita yang membutuhkan.", "url": "https://image.flaticon.com/icons/svg/189/189093.svg", "harga": 50000, "total": 1}, {"item_id": 3, "nama": "Berbagi 20000", "detail": "Dengan donasi 20000 rupiah, sahabat sudah berbagi kebahagiaan kepada orang-orang sekitar kita yang membutuhkan.", "url": "https://image.flaticon.com/icons/svg/639/639365.svg", "harga": 20000, "total": 1}]}
[2019-08-28 02:14:15,365] {/home/alta4/Documents/E-Com/APIEc/envEcom/Baru/blueprints/__init__.py}:90 WARNING - REQUEST_LOG	{"uri": "/user?", "request": null, "response": {"Success": "Ok"}}
[2019-08-28 02:14:15,415] {/home/alta4/Documents/E-Com/APIEc/envEcom/Baru/blueprints/__init__.py}:82 WARNING - REQUEST_LOG	{"method": "GET", "code": "200 OK", "uri": "/item/3?", "request": {}, "response": {"item_id": 3, "nama": "Berbagi 20000", "detail": "Dengan donasi 20000 rupiah, sahabat sudah berbagi kebahagiaan kepada orang-orang sekitar kita yang membutuhkan.", "url": "https://image.flaticon.com/icons/svg/639/639365.svg", "harga": 20000, "total": 1}}
[2019-08-28 02:14:15,444] {/home/alta4/Documents/E-Com/APIEc/envEcom/Baru/blueprints/__init__.py}:82 WARNING - REQUEST_LOG	{"method": "GET", "code": "200 OK", "uri": "/user?", "request": {}, "response": {"user_id": 1, "username": "Ammar", "email": "ammar@com", "password": "ammar", "status": false}}
[2019-08-28 02:14:17,916] {/home/alta4/Documents/E-Com/APIEc/envEcom/Baru/blueprints/__init__.py}:82 WARNING - REQUEST_LOG	{"method": "GET", "code": "200 OK", "uri": "/item/3?", "request": {}, "response": {"item_id": 3, "nama": "Berbagi 20000", "detail": "Dengan donasi 20000 rupiah, sahabat sudah berbagi kebahagiaan kepada orang-orang sekitar kita yang membutuhkan.", "url": "https://image.flaticon.com/icons/svg/639/639365.svg", "harga": 20000, "total": 1}}
[2019-08-28 02:14:18,475] {/home/alta4/Documents/E-Com/APIEc/envEcom/Baru/blueprints/__init__.py}:82 WARNING - REQUEST_LOG	{"method": "GET", "code": "200 OK", "uri": "/item/3?", "request": {}, "response": {"item_id": 3, "nama": "Berbagi 20000", "detail": "Dengan donasi 20000 rupiah, sahabat sudah berbagi kebahagiaan kepada orang-orang sekitar kita yang membutuhkan.", "url": "https://image.flaticon.com/icons/svg/639/639365.svg", "harga": 20000, "total": 1}}
[2019-08-28 02:14:21,178] {/home/alta4/Documents/E-Com/APIEc/envEcom/Baru/blueprints/__init__.py}:90 WARNING - REQUEST_LOG	{"uri": "/transaksi?", "request": null, "response": {"Success": "Ok"}}
[2019-08-28 02:14:21,522] {/home/alta4/Documents/E-Com/APIEc/envEcom/Baru/blueprints/__init__.py}:90 WARNING - REQUEST_LOG	{"uri": "/transaksi?", "request": {"item_id": 3, "nama_item": "Berbagi 20000", "total_qty": 5, "total_harga": 100000, "tanggal": "Aug 28 2019"}, "response": {"transaksi_id": 3, "user_id": 1, "item_id": 3, "nama_item": "Berbagi 20000", "total_qty": 5, "total_harga": 100000, "tanggal": "Aug 28 2019"}}
[2019-08-28 02:14:22,202] {/home/alta4/Documents/E-Com/APIEc/envEcom/Baru/blueprints/__init__.py}:90 WARNING - REQUEST_LOG	{"uri": "/user?", "request": null, "response": {"Success": "Ok"}}
[2019-08-28 02:14:22,334] {/home/alta4/Documents/E-Com/APIEc/envEcom/Baru/blueprints/__init__.py}:82 WARNING - REQUEST_LOG	{"method": "GET", "code": "200 OK", "uri": "/user?", "request": {}, "response": {"user_id": 1, "username": "Ammar", "email": "ammar@com", "password": "ammar", "status": false}}
[2019-08-28 02:14:23,028] {/home/alta4/Documents/E-Com/APIEc/envEcom/Baru/blueprints/__init__.py}:90 WARNING - REQUEST_LOG	{"uri": "/transaksi?", "request": null, "response": {"Success": "Ok"}}
[2019-08-28 02:14:23,069] {/home/alta4/Documents/E-Com/APIEc/envEcom/Baru/blueprints/__init__.py}:82 WARNING - REQUEST_LOG	{"method": "GET", "code": "200 OK", "uri": "/transaksi?", "request": {}, "response": [{"transaksi_id": 2, "user_id": 1, "item_id": 2, "nama_item": "Berbagi 50000", "total_qty": 5, "total_harga": 250000, "tanggal": "Aug 28 2019"}, {"transaksi_id": 3, "user_id": 1, "item_id": 3, "nama_item": "Berbagi 20000", "total_qty": 5, "total_harga": 100000, "tanggal": "Aug 28 2019"}]}
[2019-08-28 02:14:27,037] {/home/alta4/Documents/E-Com/APIEc/envEcom/Baru/blueprints/__init__.py}:82 WARNING - REQUEST_LOG	{"method": "GET", "code": "200 OK", "uri": "/item?", "request": {}, "response": [{"item_id": 1, "nama": "Berbagi 100000", "detail": "Dengan donasi 100000 rupiah, sahabat sudah berbagi kebahagiaan kepada orang-orang sekitar kita yang membutuhkan.", "url": "https://img.freepik.com/free-vector/money-bag-background-design_1270-41.jpg?size=338&ext=jpg", "harga": 100000, "total": 1}, {"item_id": 2, "nama": "Berbagi 50000", "detail": "Dengan donasi 50000 rupiah, sahabat sudah berbagi kebahagiaan kepada orang-orang sekitar kita yang membutuhkan.", "url": "https://image.flaticon.com/icons/svg/189/189093.svg", "harga": 50000, "total": 1}, {"item_id": 3, "nama": "Berbagi 20000", "detail": "Dengan donasi 20000 rupiah, sahabat sudah berbagi kebahagiaan kepada orang-orang sekitar kita yang membutuhkan.", "url": "https://image.flaticon.com/icons/svg/639/639365.svg", "harga": 20000, "total": 1}]}
[2019-08-28 08:51:07,553] {/home/alta4/Documents/E-Com/APIEc/envEcom/Baru/blueprints/__init__.py}:90 WARNING - REQUEST_LOG	{"uri": "/transaksi?", "request": null, "response": {"Success": "Ok"}}
[2019-08-28 08:51:07,560] {/home/alta4/.local/lib/python3.6/site-packages/flask/app.py}:1891 ERROR - Exception on /transaksi [POST]
Traceback (most recent call last):
  File "/home/alta4/.local/lib/python3.6/site-packages/flask/app.py", line 1949, in full_dispatch_request
    rv = self.dispatch_request()
  File "/home/alta4/.local/lib/python3.6/site-packages/flask/app.py", line 1935, in dispatch_request
    return self.view_functions[rule.endpoint](**req.view_args)
  File "/home/alta4/.local/lib/python3.6/site-packages/flask_restful/__init__.py", line 458, in wrapper
    resp = resource(*args, **kwargs)
  File "/home/alta4/.local/lib/python3.6/site-packages/flask/views.py", line 89, in view
    return self.dispatch_request(*args, **kwargs)
  File "/home/alta4/.local/lib/python3.6/site-packages/flask_restful/__init__.py", line 573, in dispatch_request
    resp = meth(*args, **kwargs)
  File "/home/alta4/.local/lib/python3.6/site-packages/flask_jwt_extended/view_decorators.py", line 102, in wrapper
    verify_jwt_in_request()
  File "/home/alta4/.local/lib/python3.6/site-packages/flask_jwt_extended/view_decorators.py", line 31, in verify_jwt_in_request
    jwt_data = _decode_jwt_from_request(request_type='access')
  File "/home/alta4/.local/lib/python3.6/site-packages/flask_jwt_extended/view_decorators.py", line 272, in _decode_jwt_from_request
    encoded_token, csrf_token = get_encoded_token_function()
  File "/home/alta4/.local/lib/python3.6/site-packages/flask_jwt_extended/view_decorators.py", line 191, in _decode_jwt_from_headers
    raise InvalidHeaderError(msg)
flask_jwt_extended.exceptions.InvalidHeaderError: Bad Authorization header. Expected value 'Bearer <JWT>'
[2019-08-28 08:51:07,569] {/home/alta4/Documents/E-Com/APIEc/envEcom/Baru/blueprints/__init__.py}:90 WARNING - REQUEST_LOG	{"uri": "/transaksi?", "request": {"item_id": 2, "nama_item": "Berbagi 50000", "total_qty": 0, "total_harga": 0, "tanggal": "Aug 28 2019"}, "response": {"message": "Internal Server Error"}}
[2019-08-28 08:51:35,744] {/home/alta4/Documents/E-Com/APIEc/envEcom/Baru/blueprints/__init__.py}:90 WARNING - REQUEST_LOG	{"uri": "/transaksi?", "request": null, "response": {"Success": "Ok"}}
[2019-08-28 08:51:35,925] {/home/alta4/Documents/E-Com/APIEc/envEcom/Baru/blueprints/__init__.py}:90 WARNING - REQUEST_LOG	{"uri": "/transaksi?", "request": {"item_id": 2, "nama_item": "Berbagi 50000", "total_qty": 4, "total_harga": 200000, "tanggal": "Aug 28 2019"}, "response": {"transaksi_id": 4, "user_id": 1, "item_id": 2, "nama_item": "Berbagi 50000", "total_qty": 4, "total_harga": 200000, "tanggal": "Aug 28 2019"}}
